<?xml version="1.0" encoding="UTF-8"?>
<!-- Generated by org.testng.reporters.JUnitReportReporter -->
<testsuite skipped="0" hostname="Anithas-MBP.gateway" name="com.simplilearn.Phase3Assignment.EndToEndTest" tests="1" failures="0" timestamp="16 Dec 2022 03:47:58 GMT" time="9.634" errors="0">
  <testcase name="endToEndTest" time="9.634" classname="com.simplilearn.Phase3Assignment.EndToEndTest"/>
</testsuite> <!-- com.simplilearn.Phase3Assignment.EndToEndTest -->
