<?xml version="1.0" encoding="UTF-8"?>
<!-- Generated by org.testng.reporters.JUnitReportReporter -->
<testsuite hostname="Anithas-MBP.gateway" failures="0" tests="1" name="com.simplilearn.Phase3Assignment.EndToEndTest" time="9.337" errors="0" timestamp="16 Dec. 2022 03:49:49 GMT" skipped="0">
  <testcase classname="com.simplilearn.Phase3Assignment.EndToEndTest" name="endToEndTest" time="9.337"/>
</testsuite> <!-- com.simplilearn.Phase3Assignment.EndToEndTest -->
